Removed Pin From Net: NetName=GND Pin=C15-1
Removed Pin From Net: NetName=+5 Pin=C15-2
Removed Pin From Net: NetName=NetC4_2 Pin=Q4-1
Removed Pin From Net: NetName=GND Pin=Q7-3
Removed Pin From Net: NetName=GND Pin=R15-1
Removed Pin From Net: NetName=GND Pin=R17-1
Removed Pin From Net: NetName=+5 Pin=R17-2
Removed Member From Class: ClassName=PreAmp Member=Q4
Removed Member From Class: ClassName=PreAmp Member=Q7
Removed Member From Class: ClassName=PreAmp Member=R13
Removed Member From Class: ClassName=PreAmp Member=R15
Removed Member From Class: ClassName=PreAmp Member=R17
Change Component Designator: OldDesignator=C10 NewDesignator=C7
Change Component Designator: OldDesignator=C13 NewDesignator=C8
Change Component Designator: OldDesignator=C14 NewDesignator=C9
Change Component Designator: OldDesignator=C17 NewDesignator=C2
Change Component Designator: OldDesignator=J1 NewDesignator=J2
Change Component Designator: OldDesignator=J2 NewDesignator=J1
Change Component Designator: OldDesignator=R4 NewDesignator=R10
Change Component Designator: OldDesignator=R8 NewDesignator=R4
Change Component Designator: OldDesignator=R9 NewDesignator=R5
Change Component Designator: OldDesignator=R11 NewDesignator=R7
Change Component Designator: OldDesignator=R13 NewDesignator=R8
Change Component Designator: OldDesignator=R18 NewDesignator=R1
Change Component Designator: OldDesignator=R19 NewDesignator=R2
Added Component: Designator=C1(CT6032)
Add component. Clean all parameters for all variants
Added Component: Designator=C4(CT6032)
Add component. Clean all parameters for all variants
Added Component: Designator=C5(CT6032)
Add component. Clean all parameters for all variants
Added Component: Designator=C6(CT6032)
Add component. Clean all parameters for all variants
Added Component: Designator=R3(MMA0204)
Add component. Clean all parameters for all variants
Add component (AddParameter): Name = "Resistance"; Value = "3K3"; VariantName = "[No Variations]"
Added Component: Designator=R6(MMA0204)
Add component. Clean all parameters for all variants
Add component (AddParameter): Name = "Resistance"; Value = "3K3"; VariantName = "[No Variations]"
Added Component: Designator=R9(MMA0204)
Add component. Clean all parameters for all variants
Add component (AddParameter): Name = "Resistance"; Value = "3K3"; VariantName = "[No Variations]"
Added Component: Designator=R11(MMA0204)
Add component. Clean all parameters for all variants
Add component (AddParameter): Name = "Resistance"; Value = "3K3"; VariantName = "[No Variations]"
Added Component: Designator=S1(SSSS223600)
Add component. Clean all parameters for all variants
Added Pin To Net: NetName=GND Pin=C1-2
Added Pin To Net: NetName=NetC4_1 Pin=C4-1
Added Pin To Net: NetName=NetC4_2 Pin=C4-2
Added Pin To Net: NetName=NetC6_2 Pin=C6-2
Added Pin To Net: NetName=NetC4_2 Pin=R3-1
Added Pin To Net: NetName=NetR3_2 Pin=R3-2
Added Pin To Net: NetName=NetR3_2 Pin=R6-1
Added Pin To Net: NetName=GND Pin=R6-2
Added Pin To Net: NetName=NetC4_1 Pin=R7-1
Added Pin To Net: NetName=NetC6_2 Pin=R11-1
Change Net Name : Old Net Name=NetC10_1 New Net Name=NetC7_1
Change Net Name : Old Net Name=NetC13_1 New Net Name=NetC8_1
Change Net Name : Old Net Name=NetC14_1 New Net Name=NetC9_1
Change Net Name : Old Net Name=NetC17_2 New Net Name=NetC2_2
Change Net Name : Old Net Name=NetR18_1 New Net Name=NetR1_1
Added Pin To Net: NetName=5V Pin=C1-1
Added Pin To Net: NetName=5V Pin=R2-2
Added Pin To Net: NetName=5V Pin=U1-1
Added Net: Name=5V
Added Pin To Net: NetName=NetC5_1 Pin=C5-1
Added Pin To Net: NetName=NetC5_1 Pin=S1-3
Added Net: Name=NetC5_1
Added Pin To Net: NetName=NetC5_2 Pin=C5-2
Added Pin To Net: NetName=NetC5_2 Pin=J2-2
Added Pin To Net: NetName=NetC5_2 Pin=R10-1
Added Net: Name=NetC5_2
Added Pin To Net: NetName=NetC6_1 Pin=C6-1
Added Pin To Net: NetName=NetC6_1 Pin=R8-1
Added Net: Name=NetC6_1
Added Pin To Net: NetName=NetR9_1 Pin=R9-1
Added Pin To Net: NetName=NetR9_1 Pin=R11-2
Added Net: Name=NetR9_1
Added Pin To Net: NetName=NetR9_2 Pin=R9-2
Added Pin To Net: NetName=NetR9_2 Pin=S1-7
Added Net: Name=NetR9_2
Added Pin To Net: NetName=NetS1_1 Pin=S1-1
Added Pin To Net: NetName=NetS1_1 Pin=S1-5
Added Net: Name=NetS1_1
Added Member To Class: ClassName=PreAmp Member=Component C1 CE
Added Member To Class: ClassName=PreAmp Member=Component C4 CE
Added Member To Class: ClassName=PreAmp Member=Component C5 CE
Added Member To Class: ClassName=PreAmp Member=Component C6 CE
Added Member To Class: ClassName=PreAmp Member=Component R3 4K02
Added Member To Class: ClassName=PreAmp Member=Component R6 402R
Added Member To Class: ClassName=PreAmp Member=Component R9 402R
Added Member To Class: ClassName=PreAmp Member=Component R11 4K02
Added Member To Class: ClassName=PreAmp Member=Component S1 SSSS223600
