Change Physical Footprint: Designator=C3 Old Footprint=C0805 New Footprint=C0805
Change Physical Footprint: Designator=C4 Old Footprint=C0805 New Footprint=C0805
Change Physical Footprint: Designator=C6 Old Footprint=C0805 New Footprint=C0805
Change Physical Footprint: Designator=C7 Old Footprint=C0805 New Footprint=C0805
Change Physical Footprint: Designator=C8 Old Footprint=C0805 New Footprint=C0805
Change Physical Footprint: Designator=C9 Old Footprint=C0805 New Footprint=C0805
Change Physical Footprint: Designator=C10 Old Footprint=C0805 New Footprint=C0805
Change Physical Footprint: Designator=C13 Old Footprint=C0805 New Footprint=C0805
Change Physical Footprint: Designator=C14 Old Footprint=C0805 New Footprint=C0805
Change Physical Footprint: Designator=C15 Old Footprint=C0805 New Footprint=C0805
Change Physical Footprint: Designator=J1 Old Footprint=INPUT New Footprint=INPUT
Change Physical Footprint: Designator=J2 Old Footprint=XLR New Footprint=XLR
Change Physical Footprint: Designator=Q1 Old Footprint=TO-236/SC-59/SOT-23 New Footprint=TO-236/SC-59/SOT-23
Change Physical Footprint: Designator=Q2 Old Footprint=TO-236/SC-59/SOT-23 New Footprint=TO-236/SC-59/SOT-23
Change Physical Footprint: Designator=Q3 Old Footprint=TO-236/SC-59/SOT-23 New Footprint=TO-236/SC-59/SOT-23
Change Physical Footprint: Designator=Q4 Old Footprint=TO-236/SC-59/SOT-23 New Footprint=TO-236/SC-59/SOT-23
Change Physical Footprint: Designator=Q5 Old Footprint=TO-236/SC-59/SOT-23 New Footprint=TO-236/SC-59/SOT-23
Change Physical Footprint: Designator=Q6 Old Footprint=TO-236/SC-59/SOT-23 New Footprint=TO-236/SC-59/SOT-23
Change Physical Footprint: Designator=Q7 Old Footprint=TO-236/SC-59/SOT-23 New Footprint=TO-236/SC-59/SOT-23
Change Physical Footprint: Designator=Q8 Old Footprint=TO-236/SC-59/SOT-23 New Footprint=TO-236/SC-59/SOT-23
Change Physical Footprint: Designator=Q9 Old Footprint=TO-236/SC-59/SOT-23 New Footprint=TO-236/SC-59/SOT-23
Change Physical Footprint: Designator=R1 Old Footprint=MMA0204 New Footprint=MMA0204
Change Physical Footprint: Designator=R2 Old Footprint=MMA0204 New Footprint=MMA0204
Change Physical Footprint: Designator=R3 Old Footprint=MMA0204 New Footprint=MMA0204
Change Physical Footprint: Designator=R4 Old Footprint=MMA0204 New Footprint=MMA0204
Change Physical Footprint: Designator=R5 Old Footprint=MMA0204 New Footprint=MMA0204
Change Physical Footprint: Designator=R6 Old Footprint=MMA0204 New Footprint=MMA0204
Change Physical Footprint: Designator=R7 Old Footprint=MMA0204 New Footprint=MMA0204
Change Physical Footprint: Designator=R8 Old Footprint=MMA0204 New Footprint=MMA0204
Change Physical Footprint: Designator=R9 Old Footprint=MMA0204 New Footprint=MMA0204
Change Physical Footprint: Designator=R10 Old Footprint=MMA0204 New Footprint=MMA0204
Change Physical Footprint: Designator=R11 Old Footprint=MMA0204 New Footprint=MMA0204
Change Physical Footprint: Designator=R12 Old Footprint=MMA0204 New Footprint=MMA0204
Change Physical Footprint: Designator=R13 Old Footprint=MMA0204 New Footprint=MMA0204
Change Physical Footprint: Designator=R14 Old Footprint=MMA0204 New Footprint=MMA0204
Change Physical Footprint: Designator=R15 Old Footprint=MMA0204 New Footprint=MMA0204
Change Physical Footprint: Designator=R16 Old Footprint=MMA0204 New Footprint=MMA0204
Change Physical Footprint: Designator=R17 Old Footprint=MMA0204 New Footprint=MMA0204
Change Physical Footprint: Designator=S1 Old Footprint=SSSS223600 New Footprint=SSSS223600
Change Physical Footprint: Designator=T1 Old Footprint=TO-236/SC-59/SOT-23 New Footprint=TO-236/SC-59/SOT-23
Change Physical Footprint: Designator=T2 Old Footprint=TO-236/SC-59/SOT-23 New Footprint=TO-236/SC-59/SOT-23
Change Physical Footprint: Designator=T3 Old Footprint=TO-236/SC-59/SOT-23 New Footprint=TO-236/SC-59/SOT-23
