Removed Pin From Net: NetName=NetL1_1 Pin=R8-1
Removed Pin From Net: NetName=NetL3_1 Pin=R9-1
Change Component Comment : Designator=C3 Old Comment=C New Comment=1uF
Change Component Comment : Designator=C10 Old Comment=C New Comment=1uF
Change Component Comment : Designator=C13 Old Comment=C New Comment=1uF
Change Component Comment : Designator=C14 Old Comment=C New Comment=1uF
Change Component Comment : Designator=R8 Old Comment=R New Comment=3K3
Change Component Comment : Designator=R9 Old Comment=R New Comment=3K3
Change Component Comment : Designator=R4 Old Comment=R New Comment=5K6
Change Component Comment : Designator=R11 Old Comment=R New Comment=75R
Change Component Comment : Designator=R13 Old Comment=R New Comment=75R
Change component parameters: Designator = "R4"; Footprint = "MMA0204"; UniqueID = "\SIJHRNLQ"
Change component parameters. Clean all parameters for all variants
Change component parameters (AddParameter): Name = "Resistance"; Value = "5K6"; VariantName = "[No Variations]"
Change component parameters: Designator = "R8"; Footprint = "MMA0204"; UniqueID = "\PIJNHMHQ"
Change component parameters. Clean all parameters for all variants
Change component parameters (AddParameter): Name = "Resistance"; Value = "3K3"; VariantName = "[No Variations]"
Change component parameters: Designator = "R9"; Footprint = "MMA0204"; UniqueID = "\TUKMOFEX"
Change component parameters. Clean all parameters for all variants
Change component parameters (AddParameter): Name = "Resistance"; Value = "3K3"; VariantName = "[No Variations]"
Change component parameters: Designator = "R11"; Footprint = "MMA0204"; UniqueID = "\FFSJRJXO"
Change component parameters. Clean all parameters for all variants
Change component parameters (AddParameter): Name = "Resistance"; Value = "75R"; VariantName = "[No Variations]"
Change component parameters: Designator = "R13"; Footprint = "MMA0204"; UniqueID = "\DVKEVYLA"
Change component parameters. Clean all parameters for all variants
Change component parameters (AddParameter): Name = "Resistance"; Value = "75R"; VariantName = "[No Variations]"
Added Component: Designator=C17(C0805)
Add component. Clean all parameters for all variants
Added Component: Designator=L2(DLM0NSN900HY2)
Add component. Clean all parameters for all variants
Add component (AddParameter): Name = "Resistance"; Value = "R"; VariantName = "[No Variations]"
Added Component: Designator=R18(MMA0204)
Add component. Clean all parameters for all variants
Add component (AddParameter): Name = "Resistance"; Value = "3K4"; VariantName = "[No Variations]"
Added Component: Designator=R19(MMA0204)
Add component. Clean all parameters for all variants
Add component (AddParameter): Name = "Resistance"; Value = "40.2K"; VariantName = "[No Variations]"
Added Component: Designator=U1(HVSSOP-8)
Add component. Clean all parameters for all variants
Added Pin To Net: NetName=GND Pin=C17-1
Added Pin To Net: NetName=NetC14_1 Pin=L2-1
Added Pin To Net: NetName=NetC3_1 Pin=L2-2
Added Pin To Net: NetName=NetC10_1 Pin=L2-3
Added Pin To Net: NetName=NetC13_1 Pin=L2-4
Added Pin To Net: NetName=NetL3_1 Pin=R8-1
Added Pin To Net: NetName=NetL1_1 Pin=R9-1
Added Pin To Net: NetName=GND Pin=R18-2
Added Pin To Net: NetName=15V Pin=R19-2
Added Pin To Net: NetName=15V Pin=U1-1
Added Pin To Net: NetName=GND Pin=U1-4
Added Pin To Net: NetName=GND Pin=U1-9
Added Pin To Net: NetName=NetC17_2 Pin=C17-2
Added Pin To Net: NetName=NetC17_2 Pin=R8-2
Added Pin To Net: NetName=NetC17_2 Pin=R9-2
Added Pin To Net: NetName=NetC17_2 Pin=U1-5
Added Pin To Net: NetName=NetC17_2 Pin=U1-8
Added Net: Name=NetC17_2
Added Pin To Net: NetName=NetR18_1 Pin=R18-1
Added Pin To Net: NetName=NetR18_1 Pin=R19-1
Added Pin To Net: NetName=NetR18_1 Pin=U1-2
Added Net: Name=NetR18_1
Added Member To Class: ClassName=PreAmp Member=Component C17 1uF
Added Member To Class: ClassName=PreAmp Member=Component L2 DLM0NSN900HY2
Added Member To Class: ClassName=PreAmp Member=Component R18 3K4
Added Member To Class: ClassName=PreAmp Member=Component R19 40.2K
Added Member To Class: ClassName=PreAmp Member=Component U1 TPS7A4101
