Removed Pin From Net: NetName=NetC3_2 Pin=J1-1
Removed Pin From Net: NetName=NetC3_1 Pin=J1-2
Removed Pin From Net: NetName=NetC7_1 Pin=J1-3
Removed Pin From Net: NetName=NetC5_2 Pin=J2-2
Removed Pin From Net: NetName=NetC9_1 Pin=L1-2
Removed Pin From Net: NetName=NetC9_1 Pin=L2-1
Removed Pin From Net: NetName=NetC3_1 Pin=L2-2
Removed Pin From Net: NetName=NetC7_1 Pin=L2-3
Removed Pin From Net: NetName=NetC3_2 Pin=L4-2
Removed Pin From Net: NetName=NetC4_2 Pin=R3-1
Removed Pin From Net: NetName=NetC4_1 Pin=R7-1
Removed Pin From Net: NetName=NetC6_1 Pin=R8-1
Removed Pin From Net: NetName=NetC5_2 Pin=R10-1
Removed Pin From Net: NetName=NetC6_2 Pin=R11-1
Change Component Comment : Designator=R3 Old Comment=4K02 New Comment=1K
Change Component Comment : Designator=R11 Old Comment=4K02 New Comment=1K
Change Component Comment : Designator=L1 Old Comment=27uH New Comment=19uH
Change Component Comment : Designator=L3 Old Comment=27uH New Comment=19uH
Change Component Comment : Designator=L4 Old Comment=27uH New Comment=19uH
Change Component Comment : Designator=R6 Old Comment=402R New Comment=390R
Change Component Comment : Designator=R9 Old Comment=402R New Comment=390R
Change Component Designator: OldDesignator=R6 NewDesignator=R7
Change Component Designator: OldDesignator=R7 NewDesignator=R8
Change Component Designator: OldDesignator=R8 NewDesignator=R9
Change Component Designator: OldDesignator=R9 NewDesignator=R10
Change Component Designator: OldDesignator=R10 NewDesignator=R11
Change Component Designator: OldDesignator=R11 NewDesignator=R14
Change component parameters: Designator = "L1"; Footprint = "C0805"; UniqueID = "\EPLRPBGM"
Change component parameters. Clean all parameters for all variants
Change component parameters (AddParameter): Name = "Inductance"; Value = "19uH"; VariantName = "[No Variations]"
Change component parameters: Designator = "L3"; Footprint = "C0805"; UniqueID = "\GJPWHAMU"
Change component parameters. Clean all parameters for all variants
Change component parameters (AddParameter): Name = "Inductance"; Value = "19uH"; VariantName = "[No Variations]"
Change component parameters: Designator = "L4"; Footprint = "C0805"; UniqueID = "\SVNOVFDF"
Change component parameters. Clean all parameters for all variants
Change component parameters (AddParameter): Name = "Inductance"; Value = "19uH"; VariantName = "[No Variations]"
Added Component: Designator=C1(UFW1J330MED)
Add component. Clean all parameters for all variants
Added Component: Designator=C2(C2220)
Add component. Clean all parameters for all variants
Added Component: Designator=C3(C2220)
Add component. Clean all parameters for all variants
Added Component: Designator=C4(C1210)
Add component. Clean all parameters for all variants
Added Component: Designator=C5(C1210)
Add component. Clean all parameters for all variants
Added Component: Designator=C6(UFW1J330MED)
Add component. Clean all parameters for all variants
Added Component: Designator=C7(C1206)
Add component. Clean all parameters for all variants
Added Component: Designator=C8(C1206)
Add component. Clean all parameters for all variants
Added Component: Designator=C9(UFW1J330MED)
Add component. Clean all parameters for all variants
Added Component: Designator=C10(C2220)
Add component. Clean all parameters for all variants
Added Component: Designator=C11(C2220)
Add component. Clean all parameters for all variants
Added Component: Designator=C12(C2220)
Add component. Clean all parameters for all variants
Added Component: Designator=C13(C0805)
Add component. Clean all parameters for all variants
Added Component: Designator=C14(C0805)
Add component. Clean all parameters for all variants
Added Component: Designator=C15(UFW1J330MED)
Add component. Clean all parameters for all variants
Added Component: Designator=C16(C1206)
Add component. Clean all parameters for all variants
Added Component: Designator=R6(MMA0204)
Add component. Clean all parameters for all variants
Add component (AddParameter): Name = "Resistance"; Value = "3K3"; VariantName = "[No Variations]"
Added Component: Designator=R12(MMA0204)
Add component. Clean all parameters for all variants
Add component (AddParameter): Name = "Resistance"; Value = "3K3"; VariantName = "[No Variations]"
Added Component: Designator=R13(MMA0204)
Add component. Clean all parameters for all variants
Add component (AddParameter): Name = "Resistance"; Value = "3K3"; VariantName = "[No Variations]"
Added Component: Designator=R15(MMA0204)
Add component. Clean all parameters for all variants
Add component (AddParameter): Name = "Resistance"; Value = "3K3"; VariantName = "[No Variations]"
Added Component: Designator=R16(MMA0204)
Add component. Clean all parameters for all variants
Add component (AddParameter): Name = "Resistance"; Value = "3K3"; VariantName = "[No Variations]"
Added Component: Designator=R17(MMA0204)
Add component. Clean all parameters for all variants
Add component (AddParameter): Name = "Resistance"; Value = "3K3"; VariantName = "[No Variations]"
Added Component: Designator=U2(SOIC-8)
Add component. Clean all parameters for all variants
Added Component: Designator=U3(SOIC-8)
Add component. Clean all parameters for all variants
Added Pin To Net: NetName=5V Pin=C1-1
Added Pin To Net: NetName=GND Pin=C1-2
Added Pin To Net: NetName=NetC2_2 Pin=C2-1
Added Pin To Net: NetName=GND Pin=C2-2
Added Pin To Net: NetName=NetC3_1 Pin=C3-1
Added Pin To Net: NetName=NetC3_2 Pin=C3-2
Added Pin To Net: NetName=NetC4_1 Pin=C4-1
Added Pin To Net: NetName=NetC4_2 Pin=C4-2
Added Pin To Net: NetName=NetC4_2 Pin=C5-1
Added Pin To Net: NetName=NetC5_2 Pin=C5-2
Added Pin To Net: NetName=NetC6_1 Pin=C6-1
Added Pin To Net: NetName=NetC6_2 Pin=C6-2
Added Pin To Net: NetName=NetC7_1 Pin=C7-1
Added Pin To Net: NetName=NetC4_2 Pin=C7-2
Added Pin To Net: NetName=NetC4_2 Pin=C8-1
Added Pin To Net: NetName=NetC9_1 Pin=C9-1
Added Pin To Net: NetName=NetC4_2 Pin=C10-2
Added Pin To Net: NetName=NetC4_2 Pin=C11-1
Added Pin To Net: NetName=NetC3_1 Pin=C12-1
Added Pin To Net: NetName=GND Pin=C13-2
Added Pin To Net: NetName=GND Pin=C14-2
Added Pin To Net: NetName=GND Pin=C16-2
Added Pin To Net: NetName=NetC3_1 Pin=J1-1
Added Pin To Net: NetName=NetC3_2 Pin=J1-2
Added Pin To Net: NetName=NetC3_2 Pin=L2-2
Added Pin To Net: NetName=NetC3_1 Pin=L4-2
Added Pin To Net: NetName=NetC6_2 Pin=R3-1
Added Pin To Net: NetName=NetC4_2 Pin=R6-2
Added Pin To Net: NetName=NetC6_1 Pin=R8-1
Added Pin To Net: NetName=NetC9_1 Pin=R9-1
Added Pin To Net: NetName=+5 Pin=R16-2
Added Pin To Net: NetName=GND Pin=R17-1
Added Pin To Net: NetName=NetC4_1 Pin=S1-1
Added Pin To Net: NetName=NetC7_1 Pin=S1-2
Added Pin To Net: NetName=NetC5_2 Pin=S1-5
Added Pin To Net: NetName=NetR3_2 Pin=U2-1
Added Pin To Net: NetName=+5 Pin=U2-3
Added Pin To Net: NetName=NetC6_2 Pin=U2-4
Added Pin To Net: NetName=GND Pin=U2-6
Added Pin To Net: NetName=GND Pin=U3-4
Added Pin To Net: NetName=+5 Pin=U3-7
Change Net Name : Old Net Name=NetC2_2 New Net Name=NetC2_1
Added Pin To Net: NetName=NetC8_2 Pin=C8-2
Added Pin To Net: NetName=NetC8_2 Pin=S1-6
Added Net: Name=NetC8_2
Added Pin To Net: NetName=NetC9_2 Pin=C9-2
Added Pin To Net: NetName=NetC9_2 Pin=R14-1
Added Pin To Net: NetName=NetC9_2 Pin=U2-5
Added Net: Name=NetC9_2
Added Pin To Net: NetName=NetC10_1 Pin=C10-1
Added Pin To Net: NetName=NetC10_1 Pin=S1-4
Added Net: Name=NetC10_1
Added Pin To Net: NetName=NetC11_2 Pin=C11-2
Added Pin To Net: NetName=NetC11_2 Pin=S1-8
Added Net: Name=NetC11_2
Added Pin To Net: NetName=NetC12_2 Pin=C12-2
Added Pin To Net: NetName=NetC12_2 Pin=J1-3
Added Pin To Net: NetName=NetC12_2 Pin=L2-3
Added Net: Name=NetC12_2
Added Pin To Net: NetName=NetC13_1 Pin=C13-1
Added Pin To Net: NetName=NetC13_1 Pin=L2-4
Added Pin To Net: NetName=NetC13_1 Pin=L3-2
Added Net: Name=NetC13_1
Added Pin To Net: NetName=NetC14_1 Pin=C14-1
Added Pin To Net: NetName=NetC14_1 Pin=L1-2
Added Pin To Net: NetName=NetC14_1 Pin=L2-1
Added Net: Name=NetC14_1
Added Pin To Net: NetName=NetC15_1 Pin=C15-1
Added Pin To Net: NetName=NetC15_1 Pin=R6-1
Added Pin To Net: NetName=NetC15_1 Pin=R13-1
Added Pin To Net: NetName=NetC15_1 Pin=U3-6
Added Net: Name=NetC15_1
Added Pin To Net: NetName=NetC15_2 Pin=C15-2
Added Pin To Net: NetName=NetC15_2 Pin=R10-2
Added Net: Name=NetC15_2
Added Pin To Net: NetName=NetJ2_2 Pin=J2-2
Added Pin To Net: NetName=NetJ2_2 Pin=R11-1
Added Pin To Net: NetName=NetJ2_2 Pin=S1-3
Added Net: Name=NetJ2_2
Added Pin To Net: NetName=NetR10_1 Pin=R10-1
Added Pin To Net: NetName=NetR10_1 Pin=R14-2
Added Pin To Net: NetName=NetR10_1 Pin=U2-8
Added Net: Name=NetR10_1
Added Pin To Net: NetName=NetR12_1 Pin=R12-1
Added Pin To Net: NetName=NetR12_1 Pin=S1-7
Added Pin To Net: NetName=NetR12_1 Pin=U3-3
Added Net: Name=NetR12_1
Added Pin To Net: NetName=NetR13_2 Pin=R13-2
Added Pin To Net: NetName=NetR13_2 Pin=R15-1
Added Pin To Net: NetName=NetR13_2 Pin=U3-2
Added Net: Name=NetR13_2
Added Pin To Net: NetName=VGND Pin=C16-1
Added Pin To Net: NetName=VGND Pin=R12-2
Added Pin To Net: NetName=VGND Pin=R15-2
Added Pin To Net: NetName=VGND Pin=R16-1
Added Pin To Net: NetName=VGND Pin=R17-2
Added Pin To Net: NetName=VGND Pin=U2-2
Added Net: Name=VGND
Added Member To Class: ClassName=PreAmp Member=Component C1 CE
Added Member To Class: ClassName=PreAmp Member=Component C2 160nF
Added Member To Class: ClassName=PreAmp Member=Component C3 160nF
Added Member To Class: ClassName=PreAmp Member=Component C4 1uF
Added Member To Class: ClassName=PreAmp Member=Component C5 1uF
Added Member To Class: ClassName=PreAmp Member=Component C6 33uF
Added Member To Class: ClassName=PreAmp Member=Component C7 330nF
Added Member To Class: ClassName=PreAmp Member=Component C8 330nF
Added Member To Class: ClassName=PreAmp Member=Component C9 33uF
Added Member To Class: ClassName=PreAmp Member=Component C10 160nF
Added Member To Class: ClassName=PreAmp Member=Component C11 160nF
Added Member To Class: ClassName=PreAmp Member=Component C12 160nF
Added Member To Class: ClassName=PreAmp Member=Component C13 82nF
Added Member To Class: ClassName=PreAmp Member=Component C14 82nF
Added Member To Class: ClassName=PreAmp Member=Component C15 33uF
Added Member To Class: ClassName=PreAmp Member=Component C16 330nF
Added Member To Class: ClassName=PreAmp Member=Component R12 2K6
Added Member To Class: ClassName=PreAmp Member=Component R13 230K
Added Member To Class: ClassName=PreAmp Member=Component R14 1K
Added Member To Class: ClassName=PreAmp Member=Component R15 25K5
Added Member To Class: ClassName=PreAmp Member=Component R16 3K3
Added Member To Class: ClassName=PreAmp Member=Component R17 3K3
Added Member To Class: ClassName=PreAmp Member=Component U2 OPA1632
Added Member To Class: ClassName=PreAmp Member=Component U3 AD820ARZ
