Added Component: Designator=C3(C0805)
Add component. Clean all parameters for all variants
Added Component: Designator=C4(C0805)
Add component. Clean all parameters for all variants
Added Component: Designator=C6(C0805)
Add component. Clean all parameters for all variants
Added Component: Designator=C7(C0805)
Add component. Clean all parameters for all variants
Added Component: Designator=C8(C0805)
Add component. Clean all parameters for all variants
Added Component: Designator=C9(C0805)
Add component. Clean all parameters for all variants
Added Component: Designator=C10(C0805)
Add component. Clean all parameters for all variants
Added Component: Designator=C13(C0805)
Add component. Clean all parameters for all variants
Added Component: Designator=C14(C0805)
Add component. Clean all parameters for all variants
Added Component: Designator=C15(C0805)
Add component. Clean all parameters for all variants
Added Component: Designator=J1(INPUT)
Add component. Clean all parameters for all variants
Added Component: Designator=Q1(TO-236/SC-59/SOT-23)
Add component. Clean all parameters for all variants
Added Component: Designator=Q2(TO-236/SC-59/SOT-23)
Add component. Clean all parameters for all variants
Added Component: Designator=Q3(TO-236/SC-59/SOT-23)
Add component. Clean all parameters for all variants
Added Component: Designator=Q4(TO-236/SC-59/SOT-23)
Add component. Clean all parameters for all variants
Added Component: Designator=Q5(TO-236/SC-59/SOT-23)
Add component. Clean all parameters for all variants
Added Component: Designator=Q6(TO-236/SC-59/SOT-23)
Add component. Clean all parameters for all variants
Added Component: Designator=Q7(TO-236/SC-59/SOT-23)
Add component. Clean all parameters for all variants
Added Component: Designator=Q8(TO-236/SC-59/SOT-23)
Add component. Clean all parameters for all variants
Added Component: Designator=Q9(TO-236/SC-59/SOT-23)
Add component. Clean all parameters for all variants
Added Component: Designator=T1(TO-236/SC-59/SOT-23)
Add component. Clean all parameters for all variants
Added Component: Designator=T2(TO-236/SC-59/SOT-23)
Add component. Clean all parameters for all variants
Added Component: Designator=T3(TO-236/SC-59/SOT-23)
Add component. Clean all parameters for all variants
Added Pin To Net: NetName=+5 Pin=C15-2
Added Pin To Net: NetName=+5 Pin=J1-3
Added Net: Name=+5
Added Pin To Net: NetName=15V Pin=Q1-3
Added Pin To Net: NetName=15V Pin=Q4-3
Added Net: Name=15V
Added Pin To Net: NetName=GND Pin=C13-2
Added Pin To Net: NetName=GND Pin=C14-2
Added Pin To Net: NetName=GND Pin=C15-1
Added Pin To Net: NetName=GND Pin=J1-1
Added Pin To Net: NetName=GND Pin=Q5-3
Added Pin To Net: NetName=GND Pin=Q7-3
Added Pin To Net: NetName=GND Pin=Q8-2
Added Pin To Net: NetName=GND Pin=Q9-2
Added Net: Name=GND
Added Pin To Net: NetName=NetC2_+ Pin=J1-2
Added Net: Name=NetC2_+
Added Pin To Net: NetName=NetC2_- Pin=C6-1
Added Pin To Net: NetName=NetC2_- Pin=C8-1
Added Net: Name=NetC2_-
Added Pin To Net: NetName=NetC3_1 Pin=C3-1
Added Net: Name=NetC3_1
Added Pin To Net: NetName=NetC3_2 Pin=C3-2
Added Pin To Net: NetName=NetC3_2 Pin=C10-2
Added Net: Name=NetC3_2
Added Pin To Net: NetName=NetC4_1 Pin=C4-1
Added Pin To Net: NetName=NetC4_1 Pin=Q3-3
Added Pin To Net: NetName=NetC4_1 Pin=Q6-1
Added Pin To Net: NetName=NetC4_1 Pin=Q8-3
Added Net: Name=NetC4_1
Added Pin To Net: NetName=NetC4_2 Pin=C4-2
Added Pin To Net: NetName=NetC4_2 Pin=Q2-3
Added Pin To Net: NetName=NetC4_2 Pin=Q4-1
Added Pin To Net: NetName=NetC4_2 Pin=Q5-1
Added Pin To Net: NetName=NetC4_2 Pin=Q6-3
Added Net: Name=NetC4_2
Added Net: Name=NetC5_+
Added Pin To Net: NetName=NetC5_- Pin=Q2-1
Added Net: Name=NetC5_-
Added Pin To Net: NetName=NetC6_2 Pin=C6-2
Added Net: Name=NetC6_2
Added Pin To Net: NetName=NetC7_1 Pin=C7-1
Added Net: Name=NetC7_1
Added Pin To Net: NetName=NetC7_2 Pin=C7-2
Added Pin To Net: NetName=NetC7_2 Pin=C9-1
Added Net: Name=NetC7_2
Added Pin To Net: NetName=NetC8_2 Pin=C8-2
Added Net: Name=NetC8_2
Added Pin To Net: NetName=NetC9_2 Pin=C9-2
Added Net: Name=NetC9_2
Added Pin To Net: NetName=NetC10_1 Pin=C10-1
Added Net: Name=NetC10_1
Added Net: Name=NetC11_+
Added Net: Name=NetC12_+
Added Pin To Net: NetName=NetC13_1 Pin=C13-1
Added Net: Name=NetC13_1
Added Pin To Net: NetName=NetC14_1 Pin=C14-1
Added Net: Name=NetC14_1
Added Net: Name=NetL1_1
Added Net: Name=NetL3_1
Added Pin To Net: NetName=NetQ1_1 Pin=Q1-1
Added Pin To Net: NetName=NetQ1_1 Pin=Q5-2
Added Net: Name=NetQ1_1
Added Pin To Net: NetName=NetQ1_2 Pin=Q1-2
Added Net: Name=NetQ1_2
Added Pin To Net: NetName=NetQ2_2 Pin=Q2-2
Added Pin To Net: NetName=NetQ2_2 Pin=Q3-2
Added Net: Name=NetQ2_2
Added Pin To Net: NetName=NetQ3_1 Pin=Q3-1
Added Net: Name=NetQ3_1
Added Pin To Net: NetName=NetQ4_2 Pin=Q4-2
Added Net: Name=NetQ4_2
Added Pin To Net: NetName=NetQ6_2 Pin=Q6-2
Added Pin To Net: NetName=NetQ6_2 Pin=Q8-1
Added Pin To Net: NetName=NetQ6_2 Pin=Q9-1
Added Pin To Net: NetName=NetQ6_2 Pin=Q9-3
Added Net: Name=NetQ6_2
Added Pin To Net: NetName=NetQ7_1 Pin=Q7-1
Added Net: Name=NetQ7_1
Added Pin To Net: NetName=NetQ7_2 Pin=Q7-2
Added Net: Name=NetQ7_2
Added Net: Name=NetR2_2
Added Net: Name=NetR3_2
Added Net: Name=NetR8_2
Added Net: Name=NetR15_2
Added Class: Name=PreAmp
Added Room: Name=PreAmp
