Change Physical Footprint: Designator=C1 Old Footprint=UFW1J330MED New Footprint=UFW1J330MED
Change Physical Footprint: Designator=C3 Old Footprint=C2220 New Footprint=C2220
Change Physical Footprint: Designator=C4 Old Footprint=C1210 New Footprint=C1210
Change Physical Footprint: Designator=C5 Old Footprint=C1210 New Footprint=C1210
Change Physical Footprint: Designator=C6 Old Footprint=UFW1J330MED New Footprint=UFW1J330MED
Change Physical Footprint: Designator=C7 Old Footprint=C1206 New Footprint=C1206
Change Physical Footprint: Designator=C8 Old Footprint=C1206 New Footprint=C1206
Change Physical Footprint: Designator=C9 Old Footprint=UFW1J330MED New Footprint=UFW1J330MED
Change Physical Footprint: Designator=C10 Old Footprint=C2220 New Footprint=C2220
Change Physical Footprint: Designator=C11 Old Footprint=C2220 New Footprint=C2220
Change Physical Footprint: Designator=C12 Old Footprint=C2220 New Footprint=C2220
Change Physical Footprint: Designator=C13 Old Footprint=C0805 New Footprint=C0805
Change Physical Footprint: Designator=C14 Old Footprint=C0805 New Footprint=C0805
Change Physical Footprint: Designator=C15 Old Footprint=UFW1J330MED New Footprint=UFW1J330MED
Change Physical Footprint: Designator=C16 Old Footprint=C1206 New Footprint=C1206
Change Physical Footprint: Designator=C17 Old Footprint=C1206 New Footprint=C1206
Change Physical Footprint: Designator=FID2 Old Footprint=FIDUCIAL New Footprint=FIDUCIAL
Change Physical Footprint: Designator=J1 Old Footprint=XLR New Footprint=XLR
Change Physical Footprint: Designator=J2 Old Footprint=INPUT New Footprint=INPUT
Change Physical Footprint: Designator=L1 Old Footprint=C0805 New Footprint=C0805
Change Physical Footprint: Designator=L2 Old Footprint=DLM0NSN900HY2 New Footprint=DLM0NSN900HY2
Change Physical Footprint: Designator=L3 Old Footprint=C0805 New Footprint=C0805
Change Physical Footprint: Designator=L4 Old Footprint=C0805 New Footprint=C0805
Change Physical Footprint: Designator=R1 Old Footprint=MMA0204 New Footprint=MMA0204
Change Physical Footprint: Designator=R2 Old Footprint=MMA0204 New Footprint=MMA0204
Change Physical Footprint: Designator=R3 Old Footprint=MMA0204 New Footprint=MMA0204
Change Physical Footprint: Designator=R4 Old Footprint=MMA0204 New Footprint=MMA0204
Change Physical Footprint: Designator=R5 Old Footprint=MMA0204 New Footprint=MMA0204
Change Physical Footprint: Designator=R6 Old Footprint=MMA0204 New Footprint=MMA0204
Change Physical Footprint: Designator=R7 Old Footprint=MMA0204 New Footprint=MMA0204
Change Physical Footprint: Designator=R8 Old Footprint=MMA0204 New Footprint=MMA0204
Change Physical Footprint: Designator=R9 Old Footprint=MMA0204 New Footprint=MMA0204
Change Physical Footprint: Designator=R10 Old Footprint=MMA0204 New Footprint=MMA0204
Change Physical Footprint: Designator=R11 Old Footprint=MMA0204 New Footprint=MMA0204
Change Physical Footprint: Designator=R12 Old Footprint=MMA0204 New Footprint=MMA0204
Change Physical Footprint: Designator=R13 Old Footprint=MMA0204 New Footprint=MMA0204
Change Physical Footprint: Designator=R14 Old Footprint=MMA0204 New Footprint=MMA0204
Change Physical Footprint: Designator=R15 Old Footprint=MMA0204 New Footprint=MMA0204
Change Physical Footprint: Designator=R16 Old Footprint=MMA0204 New Footprint=MMA0204
Change Physical Footprint: Designator=R17 Old Footprint=MMA0204 New Footprint=MMA0204
Change Physical Footprint: Designator=S1 Old Footprint=SSSS223600 New Footprint=SSSS223600
Change Physical Footprint: Designator=U1 Old Footprint=HVSSOP-8 New Footprint=HVSSOP-8
Change Physical Footprint: Designator=U2 Old Footprint=SOIC-8 New Footprint=SOIC-8
Change Physical Footprint: Designator=U3 Old Footprint=SOIC-8 New Footprint=SOIC-8
