Replace Part C1 CE in C:\Github\Wintergatan-MMX-Microphone\PCB\PreAmp.SchDoc with CE from MicLib.SchLib
Replace Part C2 CE in C:\Github\Wintergatan-MMX-Microphone\PCB\PreAmp.SchDoc with CE from MicLib.SchLib
Replace Part C3 C in C:\Github\Wintergatan-MMX-Microphone\PCB\PreAmp.SchDoc with C from MicLib.SchLib
Replace Part C4 C in C:\Github\Wintergatan-MMX-Microphone\PCB\PreAmp.SchDoc with C from MicLib.SchLib
Replace Part C5 CE in C:\Github\Wintergatan-MMX-Microphone\PCB\PreAmp.SchDoc with CE from MicLib.SchLib
Replace Part C6 C in C:\Github\Wintergatan-MMX-Microphone\PCB\PreAmp.SchDoc with C from MicLib.SchLib
Replace Part C7 C in C:\Github\Wintergatan-MMX-Microphone\PCB\PreAmp.SchDoc with C from MicLib.SchLib
Replace Part C8 C in C:\Github\Wintergatan-MMX-Microphone\PCB\PreAmp.SchDoc with C from MicLib.SchLib
Replace Part C9 C in C:\Github\Wintergatan-MMX-Microphone\PCB\PreAmp.SchDoc with C from MicLib.SchLib
Replace Part C10 C in C:\Github\Wintergatan-MMX-Microphone\PCB\PreAmp.SchDoc with C from MicLib.SchLib
Replace Part C11 CE in C:\Github\Wintergatan-MMX-Microphone\PCB\PreAmp.SchDoc with CE from MicLib.SchLib
Replace Part C12 CE in C:\Github\Wintergatan-MMX-Microphone\PCB\PreAmp.SchDoc with CE from MicLib.SchLib
Replace Part C13 C in C:\Github\Wintergatan-MMX-Microphone\PCB\PreAmp.SchDoc with C from MicLib.SchLib
Replace Part C14 C in C:\Github\Wintergatan-MMX-Microphone\PCB\PreAmp.SchDoc with C from MicLib.SchLib
Replace Part C15 C in C:\Github\Wintergatan-MMX-Microphone\PCB\PreAmp.SchDoc with C from MicLib.SchLib
Replace Part J1 INPUT in C:\Github\Wintergatan-MMX-Microphone\PCB\PreAmp.SchDoc with INPUT from MicLib.SchLib
Replace Part J2 XLR in C:\Github\Wintergatan-MMX-Microphone\PCB\PreAmp.SchDoc with XLR from MicLib.SchLib
Replace Part L1 Inductor in C:\Github\Wintergatan-MMX-Microphone\PCB\PreAmp.SchDoc with Inductor from MicLib.SchLib
Replace Part L2 Inductor in C:\Github\Wintergatan-MMX-Microphone\PCB\PreAmp.SchDoc with Inductor from MicLib.SchLib
Replace Part L3 Inductor in C:\Github\Wintergatan-MMX-Microphone\PCB\PreAmp.SchDoc with Inductor from MicLib.SchLib
Replace Part L4 Inductor in C:\Github\Wintergatan-MMX-Microphone\PCB\PreAmp.SchDoc with Inductor from MicLib.SchLib
Replace Part L5 Inductor in C:\Github\Wintergatan-MMX-Microphone\PCB\PreAmp.SchDoc with Inductor from MicLib.SchLib
Replace Part Q1 NPN in C:\Github\Wintergatan-MMX-Microphone\PCB\PreAmp.SchDoc with NPN from MicLib.SchLib
Replace Part Q2 PNP in C:\Github\Wintergatan-MMX-Microphone\PCB\PreAmp.SchDoc with PNP from MicLib.SchLib
Replace Part Q3 PNP in C:\Github\Wintergatan-MMX-Microphone\PCB\PreAmp.SchDoc with PNP from MicLib.SchLib
Replace Part Q4 NPN in C:\Github\Wintergatan-MMX-Microphone\PCB\PreAmp.SchDoc with NPN from MicLib.SchLib
Replace Part Q5 PNP in C:\Github\Wintergatan-MMX-Microphone\PCB\PreAmp.SchDoc with PNP from MicLib.SchLib
Replace Part Q6 NPN in C:\Github\Wintergatan-MMX-Microphone\PCB\PreAmp.SchDoc with NPN from MicLib.SchLib
Replace Part Q7 PNP in C:\Github\Wintergatan-MMX-Microphone\PCB\PreAmp.SchDoc with PNP from MicLib.SchLib
Replace Part Q8 NPN in C:\Github\Wintergatan-MMX-Microphone\PCB\PreAmp.SchDoc with NPN from MicLib.SchLib
Replace Part Q9 NPN in C:\Github\Wintergatan-MMX-Microphone\PCB\PreAmp.SchDoc with NPN from MicLib.SchLib
Replace Part R1 Resistor in C:\Github\Wintergatan-MMX-Microphone\PCB\PreAmp.SchDoc with Resistor from MicLib.SchLib
Replace Part R2 Resistor in C:\Github\Wintergatan-MMX-Microphone\PCB\PreAmp.SchDoc with Resistor from MicLib.SchLib
Replace Part R3 Resistor in C:\Github\Wintergatan-MMX-Microphone\PCB\PreAmp.SchDoc with Resistor from MicLib.SchLib
Replace Part R4 Resistor in C:\Github\Wintergatan-MMX-Microphone\PCB\PreAmp.SchDoc with Resistor from MicLib.SchLib
Replace Part R5 Resistor in C:\Github\Wintergatan-MMX-Microphone\PCB\PreAmp.SchDoc with Resistor from MicLib.SchLib
Replace Part R6 Resistor in C:\Github\Wintergatan-MMX-Microphone\PCB\PreAmp.SchDoc with Resistor from MicLib.SchLib
Replace Part R7 Resistor in C:\Github\Wintergatan-MMX-Microphone\PCB\PreAmp.SchDoc with Resistor from MicLib.SchLib
Replace Part R8 Resistor in C:\Github\Wintergatan-MMX-Microphone\PCB\PreAmp.SchDoc with Resistor from MicLib.SchLib
Replace Part R9 Resistor in C:\Github\Wintergatan-MMX-Microphone\PCB\PreAmp.SchDoc with Resistor from MicLib.SchLib
Replace Part R10 Resistor in C:\Github\Wintergatan-MMX-Microphone\PCB\PreAmp.SchDoc with Resistor from MicLib.SchLib
Replace Part R11 Resistor in C:\Github\Wintergatan-MMX-Microphone\PCB\PreAmp.SchDoc with Resistor from MicLib.SchLib
Replace Part R12 Resistor in C:\Github\Wintergatan-MMX-Microphone\PCB\PreAmp.SchDoc with Resistor from MicLib.SchLib
Replace Part R13 Resistor in C:\Github\Wintergatan-MMX-Microphone\PCB\PreAmp.SchDoc with Resistor from MicLib.SchLib
Replace Part R14 Resistor in C:\Github\Wintergatan-MMX-Microphone\PCB\PreAmp.SchDoc with Resistor from MicLib.SchLib
Replace Part R15 Resistor in C:\Github\Wintergatan-MMX-Microphone\PCB\PreAmp.SchDoc with Resistor from MicLib.SchLib
Replace Part R16 Resistor in C:\Github\Wintergatan-MMX-Microphone\PCB\PreAmp.SchDoc with Resistor from MicLib.SchLib
Replace Part R17 Resistor in C:\Github\Wintergatan-MMX-Microphone\PCB\PreAmp.SchDoc with Resistor from MicLib.SchLib
Replace Part S1 SSSS223600 in C:\Github\Wintergatan-MMX-Microphone\PCB\PreAmp.SchDoc with SSSS223600 from MicLib.SchLib
Replace Part S1 SSSS223600 in C:\Github\Wintergatan-MMX-Microphone\PCB\PreAmp.SchDoc with SSSS223600 from MicLib.SchLib
Replace Part T1 2SK209 in C:\Github\Wintergatan-MMX-Microphone\PCB\PreAmp.SchDoc with 2SK209 from MicLib.SchLib
Replace Part T2 2SK209 in C:\Github\Wintergatan-MMX-Microphone\PCB\PreAmp.SchDoc with 2SK209 from MicLib.SchLib
Replace Part T3 2SK209 in C:\Github\Wintergatan-MMX-Microphone\PCB\PreAmp.SchDoc with 2SK209 from MicLib.SchLib
